14-Oct-2018 02:31:00.916 INFO [localhost-startStop-1] org.apache.catalina.core.ApplicationContext.log ContextListener: contextInitialized()
14-Oct-2018 02:31:00.917 INFO [localhost-startStop-1] org.apache.catalina.core.ApplicationContext.log SessionListener: contextInitialized()
14-Oct-2018 02:31:00.918 INFO [localhost-startStop-1] org.apache.catalina.core.ApplicationContext.log ContextListener: attributeAdded('StockTicker', 'async.Stockticker@6d63aa7b')
14-Oct-2018 02:39:36.753 INFO [localhost-startStop-2] org.apache.catalina.core.ApplicationContext.log SessionListener: contextDestroyed()
14-Oct-2018 02:39:36.753 INFO [localhost-startStop-2] org.apache.catalina.core.ApplicationContext.log ContextListener: contextDestroyed()
14-Oct-2018 02:39:42.560 INFO [localhost-startStop-1] org.apache.catalina.core.ApplicationContext.log ContextListener: contextInitialized()
14-Oct-2018 02:39:42.560 INFO [localhost-startStop-1] org.apache.catalina.core.ApplicationContext.log SessionListener: contextInitialized()
14-Oct-2018 02:39:42.561 INFO [localhost-startStop-1] org.apache.catalina.core.ApplicationContext.log ContextListener: attributeAdded('StockTicker', 'async.Stockticker@240d332f')
14-Oct-2018 02:42:25.316 INFO [localhost-startStop-2] org.apache.catalina.core.ApplicationContext.log No Spring WebApplicationInitializer types detected on classpath
14-Oct-2018 02:42:25.337 INFO [localhost-startStop-2] org.apache.catalina.core.ApplicationContext.log Set web app root system property: 'webapp.root' = [/root/tomcat/webapps/LoginApp/]
14-Oct-2018 02:42:25.368 INFO [localhost-startStop-2] org.apache.catalina.core.ApplicationContext.log Initializing log4j from [/root/tomcat/webapps/LoginApp/WEB-INF/log4j.properties]
14-Oct-2018 02:42:25.457 INFO [localhost-startStop-2] org.apache.catalina.core.ApplicationContext.log Initializing Spring root WebApplicationContext
14-Oct-2018 02:42:25.931 INFO [localhost-startStop-2] org.apache.catalina.core.ApplicationContext.log Initializing Spring FrameworkServlet 'dispatcher'
14-Oct-2018 02:43:02.713 INFO [localhost-startStop-3] org.apache.catalina.core.ApplicationContext.log SessionListener: contextDestroyed()
14-Oct-2018 02:43:02.715 INFO [localhost-startStop-3] org.apache.catalina.core.ApplicationContext.log ContextListener: contextDestroyed()
14-Oct-2018 02:43:02.730 INFO [localhost-startStop-3] org.apache.catalina.core.ApplicationContext.log Destroying Spring FrameworkServlet 'dispatcher'
14-Oct-2018 02:43:02.748 INFO [localhost-startStop-3] org.apache.catalina.core.ApplicationContext.log Closing Spring root WebApplicationContext
14-Oct-2018 02:43:02.751 INFO [localhost-startStop-3] org.apache.catalina.core.ApplicationContext.log Shutting down log4j
14-Oct-2018 02:43:09.804 INFO [localhost-startStop-1] org.apache.catalina.core.ApplicationContext.log No Spring WebApplicationInitializer types detected on classpath
14-Oct-2018 02:43:09.823 INFO [localhost-startStop-1] org.apache.catalina.core.ApplicationContext.log Set web app root system property: 'webapp.root' = [/root/tomcat/webapps/LoginApp/]
14-Oct-2018 02:43:09.857 INFO [localhost-startStop-1] org.apache.catalina.core.ApplicationContext.log Initializing log4j from [/root/tomcat/webapps/LoginApp/WEB-INF/log4j.properties]
14-Oct-2018 02:43:09.939 INFO [localhost-startStop-1] org.apache.catalina.core.ApplicationContext.log Initializing Spring root WebApplicationContext
14-Oct-2018 02:43:10.458 INFO [localhost-startStop-1] org.apache.catalina.core.ApplicationContext.log Initializing Spring FrameworkServlet 'dispatcher'
14-Oct-2018 02:43:13.180 INFO [localhost-startStop-1] org.apache.catalina.core.ApplicationContext.log ContextListener: contextInitialized()
14-Oct-2018 02:43:13.181 INFO [localhost-startStop-1] org.apache.catalina.core.ApplicationContext.log SessionListener: contextInitialized()
14-Oct-2018 02:43:13.182 INFO [localhost-startStop-1] org.apache.catalina.core.ApplicationContext.log ContextListener: attributeAdded('StockTicker', 'async.Stockticker@35a72b9e')
14-Oct-2018 02:44:32.154 INFO [http-nio-8888-exec-10] org.apache.catalina.core.ApplicationContext.log Destroying Spring FrameworkServlet 'dispatcher'
14-Oct-2018 02:44:32.178 INFO [http-nio-8888-exec-10] org.apache.catalina.core.ApplicationContext.log Closing Spring root WebApplicationContext
14-Oct-2018 02:44:32.185 INFO [http-nio-8888-exec-10] org.apache.catalina.core.ApplicationContext.log Shutting down log4j
14-Oct-2018 02:44:42.696 INFO [http-nio-8888-exec-7] org.apache.catalina.core.ApplicationContext.log No Spring WebApplicationInitializer types detected on classpath
14-Oct-2018 02:44:42.717 INFO [http-nio-8888-exec-7] org.apache.catalina.core.ApplicationContext.log Set web app root system property: 'webapp.root' = [/root/tomcat/webapps/LoginApp/]
14-Oct-2018 02:44:42.744 INFO [http-nio-8888-exec-7] org.apache.catalina.core.ApplicationContext.log Initializing log4j from [/root/tomcat/webapps/LoginApp/WEB-INF/log4j.properties]
14-Oct-2018 02:44:42.812 INFO [http-nio-8888-exec-7] org.apache.catalina.core.ApplicationContext.log Initializing Spring root WebApplicationContext
14-Oct-2018 02:44:43.155 INFO [http-nio-8888-exec-7] org.apache.catalina.core.ApplicationContext.log Initializing Spring FrameworkServlet 'dispatcher'
14-Oct-2018 02:44:50.048 INFO [http-nio-8888-exec-6] org.apache.catalina.core.ApplicationContext.log Destroying Spring FrameworkServlet 'dispatcher'
14-Oct-2018 02:44:50.061 INFO [http-nio-8888-exec-6] org.apache.catalina.core.ApplicationContext.log Closing Spring root WebApplicationContext
14-Oct-2018 02:44:50.064 INFO [http-nio-8888-exec-6] org.apache.catalina.core.ApplicationContext.log Shutting down log4j
14-Oct-2018 02:46:23.711 INFO [http-nio-8888-exec-8] org.apache.catalina.core.ApplicationContext.log No Spring WebApplicationInitializer types detected on classpath
14-Oct-2018 02:46:23.728 INFO [http-nio-8888-exec-8] org.apache.catalina.core.ApplicationContext.log Set web app root system property: 'webapp.root' = [/root/tomcat/webapps/LoginApp/]
14-Oct-2018 02:46:23.750 INFO [http-nio-8888-exec-8] org.apache.catalina.core.ApplicationContext.log Initializing log4j from [/root/tomcat/webapps/LoginApp/WEB-INF/log4j.properties]
14-Oct-2018 02:46:23.824 INFO [http-nio-8888-exec-8] org.apache.catalina.core.ApplicationContext.log Initializing Spring root WebApplicationContext
14-Oct-2018 02:46:24.146 INFO [http-nio-8888-exec-8] org.apache.catalina.core.ApplicationContext.log Initializing Spring FrameworkServlet 'dispatcher'
